SF:/Users/tomas.zijdemans/Code/deno-sdk/src/api_proxy.ts
FN:24,createApi
FN:31,get
FNDA:77,createApi
FNDA:29,get
FNF:2
FNH:2
BRDA:33,2,0,28
BRDA:40,2,1,1
BRF:2
BRH:2
DA:19,1
DA:24,6
DA:25,6
DA:26,6
DA:27,6
DA:29,83
DA:30,83
DA:31,83
DA:32,112
DA:33,112
DA:34,140
DA:35,140
DA:36,154
DA:37,154
DA:38,154
DA:39,140
DA:40,140
DA:41,141
DA:42,112
DA:43,83
DA:44,6
LH:21
LF:21
end_of_record
SF:/Users/tomas.zijdemans/Code/deno-sdk/src/apis/agreement.ts
FN:35,create
FN:57,list
FN:77,info
FN:97,update
FN:118,forceAccept
FNDA:1,create
FNDA:0,list
FNDA:0,info
FNDA:0,update
FNDA:0,forceAccept
FNF:5
FNH:1
BRF:0
BRH:0
DA:12,1
DA:14,5
DA:15,5
DA:16,5
DA:35,5
DA:36,5
DA:37,5
DA:38,5
DA:40,6
DA:41,6
DA:42,6
DA:43,6
DA:44,6
DA:45,6
DA:46,5
DA:47,5
DA:57,0
DA:58,0
DA:59,0
DA:60,0
DA:61,0
DA:63,0
DA:64,0
DA:65,0
DA:66,0
DA:67,0
DA:68,0
DA:69,0
DA:70,5
DA:77,0
DA:78,0
DA:79,0
DA:80,0
DA:82,0
DA:83,0
DA:84,0
DA:85,0
DA:86,0
DA:87,0
DA:88,5
DA:97,0
DA:98,0
DA:99,0
DA:100,0
DA:101,0
DA:103,0
DA:104,0
DA:105,0
DA:106,0
DA:107,0
DA:108,0
DA:109,0
DA:110,5
DA:118,0
DA:119,0
DA:120,0
DA:121,0
DA:122,0
DA:124,0
DA:125,0
DA:126,0
DA:127,0
DA:128,0
DA:129,0
DA:130,0
DA:131,5
LH:20
LF:66
end_of_record
SF:/Users/tomas.zijdemans/Code/deno-sdk/src/apis/auth.ts
FN:22,getToken
FNDA:3,getToken
FNF:1
FNH:1
BRF:0
BRH:0
DA:13,1
DA:15,5
DA:16,5
DA:17,5
DA:22,5
DA:23,5
DA:24,8
DA:25,8
DA:26,8
DA:27,8
DA:28,8
DA:29,8
DA:30,8
DA:31,8
DA:32,8
DA:33,8
DA:34,8
DA:35,5
LH:18
LF:18
end_of_record
SF:/Users/tomas.zijdemans/Code/deno-sdk/src/apis/checkout.ts
FN:19,create
FN:50,info
FNDA:1,create
FNDA:1,info
FNF:2
FNH:2
BRDA:27,1,0,0
BRDA:30,1,1,0
BRF:2
BRH:0
DA:9,1
DA:11,6
DA:12,6
DA:13,6
DA:19,6
DA:20,6
DA:21,6
DA:22,6
DA:23,6
DA:25,21
DA:26,7
DA:27,0
DA:28,0
DA:29,0
DA:30,0
DA:31,0
DA:32,0
DA:34,7
DA:35,7
DA:36,7
DA:37,7
DA:38,7
DA:39,7
DA:40,7
DA:41,7
DA:42,7
DA:43,6
DA:44,6
DA:50,6
DA:51,6
DA:52,6
DA:53,6
DA:54,6
DA:56,7
DA:57,7
DA:58,7
DA:59,7
DA:60,7
DA:61,7
DA:62,7
DA:63,7
DA:64,7
DA:65,6
LH:37
LF:43
end_of_record
SF:/Users/tomas.zijdemans/Code/deno-sdk/src/apis/epayment.ts
FN:23,create
FN:45,info
FN:62,history
FN:78,cancel
FN:96,capture
FN:115,refund
FN:135,forceApprove
FNDA:1,create
FNDA:1,info
FNDA:1,history
FNDA:1,cancel
FNDA:1,capture
FNDA:1,refund
FNDA:1,forceApprove
FNF:7
FNH:7
BRDA:30,1,0,0
BRF:1
BRH:0
DA:13,1
DA:15,5
DA:16,5
DA:17,5
DA:23,5
DA:24,5
DA:25,5
DA:26,5
DA:28,18
DA:29,6
DA:30,0
DA:31,0
DA:32,0
DA:33,6
DA:34,6
DA:35,6
DA:36,6
DA:37,6
DA:38,6
DA:39,5
DA:40,5
DA:45,5
DA:46,5
DA:47,5
DA:48,5
DA:50,6
DA:51,6
DA:52,6
DA:53,6
DA:54,6
DA:55,5
DA:56,5
DA:62,5
DA:63,5
DA:64,5
DA:65,5
DA:67,6
DA:68,6
DA:69,6
DA:70,6
DA:71,6
DA:72,5
DA:73,5
DA:78,5
DA:79,5
DA:80,5
DA:81,5
DA:83,6
DA:84,6
DA:85,6
DA:86,6
DA:87,6
DA:88,5
DA:89,5
DA:96,5
DA:97,5
DA:98,5
DA:99,5
DA:100,5
DA:102,6
DA:103,6
DA:104,6
DA:105,6
DA:106,6
DA:107,6
DA:108,5
DA:109,5
DA:115,5
DA:116,5
DA:117,5
DA:118,5
DA:119,5
DA:121,6
DA:122,6
DA:123,6
DA:124,6
DA:125,6
DA:126,6
DA:127,5
DA:128,5
DA:135,5
DA:136,5
DA:137,5
DA:138,5
DA:139,5
DA:141,6
DA:142,6
DA:143,6
DA:144,6
DA:145,6
DA:146,6
DA:147,6
DA:148,5
LH:90
LF:93
end_of_record
SF:/Users/tomas.zijdemans/Code/deno-sdk/src/apis/webhooks.ts
FN:19,register
FN:35,list
FN:50,delete
FNDA:2,register
FNDA:0,list
FNDA:1,delete
FNF:3
FNH:2
BRF:0
BRH:0
DA:9,1
DA:11,5
DA:12,5
DA:13,5
DA:19,5
DA:20,5
DA:21,5
DA:22,5
DA:24,7
DA:25,7
DA:26,7
DA:27,7
DA:28,7
DA:29,7
DA:30,5
DA:31,5
DA:35,0
DA:36,0
DA:37,0
DA:39,0
DA:40,0
DA:41,0
DA:42,0
DA:43,0
DA:44,0
DA:45,5
DA:50,5
DA:51,5
DA:52,5
DA:53,5
DA:55,6
DA:56,6
DA:57,6
DA:58,6
DA:59,6
DA:60,6
DA:61,5
LH:28
LF:37
end_of_record
SF:/Users/tomas.zijdemans/Code/deno-sdk/src/base_client.ts
FN:16,baseClient
FN:26,makeRequest
FNDA:21,baseClient
FNDA:19,makeRequest
FNF:2
FNH:2
BRDA:32,2,0,0
BRDA:37,2,1,17
BRDA:39,2,2,2
BRF:3
BRH:2
DA:7,7
DA:8,7
DA:9,7
DA:11,1
DA:16,7
DA:17,7
DA:18,7
DA:19,28
DA:26,28
DA:27,28
DA:28,28
DA:30,47
DA:32,0
DA:33,0
DA:34,0
DA:35,47
DA:36,47
DA:37,47
DA:38,64
DA:39,47
DA:40,49
DA:41,49
DA:42,47
DA:43,7
LH:21
LF:24
end_of_record
SF:/Users/tomas.zijdemans/Code/deno-sdk/src/base_client_helper.ts
FN:11,fetchRetry
FN:21,retry.multiplier
FN:39,fetchJSON
FN:69,buildRequest
FN:103,getUserAgent
FN:116,createSDKUserAgent
FNDA:19,fetchRetry
FNDA:10,retry.multiplier
FNDA:23,fetchJSON
FNDA:20,buildRequest
FNDA:20,getUserAgent
FNDA:23,createSDKUserAgent
FNF:6
FNH:6
BRDA:17,1,0,11
BRDA:19,1,1,8
BRDA:45,3,0,9
BRDA:47,3,1,6
BRDA:48,3,2,5
BRDA:50,3,3,3
BRDA:54,3,4,14
BRDA:57,3,5,21
BRDA:57,3,6,1
BRDA:59,3,7,13
BRDA:74,4,0,12
BRDA:74,4,1,8
BRDA:84,4,2,0
BRDA:88,4,3,19
BRDA:89,4,4,19
BRDA:90,4,5,19
BRDA:91,4,6,19
BRDA:95,4,7,8
BRDA:95,4,8,12
BRDA:122,6,0,1
BRDA:122,6,1,1
BRDA:129,6,2,22
BRDA:129,6,3,21
BRDA:132,6,4,1
BRF:24
BRH:23
DA:1,8
DA:2,8
DA:5,1
DA:11,8
DA:12,8
DA:13,8
DA:14,8
DA:16,27
DA:17,27
DA:18,38
DA:19,38
DA:20,35
DA:21,35
DA:22,45
DA:23,35
DA:24,35
DA:25,35
DA:26,35
DA:27,35
DA:28,35
DA:29,35
DA:30,35
DA:31,8
DA:33,1
DA:39,8
DA:40,8
DA:41,8
DA:43,31
DA:45,31
DA:46,40
DA:47,40
DA:48,46
DA:49,51
DA:50,40
DA:51,43
DA:52,43
DA:53,43
DA:54,40
DA:55,45
DA:56,45
DA:57,31
DA:58,212
DA:59,53
DA:60,65
DA:61,260
DA:62,8
DA:64,1
DA:69,8
DA:70,8
DA:71,8
DA:72,8
DA:74,28
DA:75,28
DA:76,28
DA:78,28
DA:79,28
DA:80,28
DA:81,28
DA:82,28
DA:83,28
DA:84,0
DA:85,28
DA:86,28
DA:87,28
DA:88,28
DA:89,28
DA:90,28
DA:91,28
DA:92,28
DA:93,28
DA:94,28
DA:95,28
DA:96,28
DA:97,28
DA:98,8
DA:100,1
DA:103,8
DA:104,8
DA:105,28
DA:106,28
DA:107,28
DA:108,8
DA:110,1
DA:116,8
DA:117,8
DA:118,31
DA:120,31
DA:121,31
DA:122,31
DA:123,31
DA:124,31
DA:125,31
DA:126,32
DA:127,32
DA:128,32
DA:129,31
DA:130,31
DA:131,74
DA:132,53
DA:133,53
DA:134,54
DA:135,54
DA:136,31
DA:137,8
LH:103
LF:104
end_of_record
SF:/Users/tomas.zijdemans/Code/deno-sdk/src/deps.ts
FNF:0
FNH:0
BRF:0
BRH:0
DA:1,9
DA:2,9
DA:3,9
DA:4,9
DA:5,9
LH:5
LF:5
end_of_record
SF:/Users/tomas.zijdemans/Code/deno-sdk/src/errors.ts
FN:8,parseError
FNDA:13,parseError
FNF:1
FNH:1
BRDA:13,1,0,12
BRDA:13,1,1,2
BRDA:19,1,2,11
BRDA:22,1,3,1
BRDA:22,1,4,1
BRDA:30,1,5,10
BRDA:33,1,6,2
BRDA:33,1,7,0
BRDA:39,1,8,10
BRDA:42,1,9,2
BRDA:44,1,10,11
BRDA:44,1,11,8
BRDA:47,1,12,7
BRDA:47,1,13,7
BRDA:47,1,14,6
BRDA:47,1,15,1
BRDA:47,1,16,12
BRDA:47,1,17,1
BRDA:56,1,18,11
BRDA:56,1,19,7
BRDA:59,1,20,6
BRDA:59,1,21,6
BRDA:59,1,22,1
BRDA:59,1,23,1
BRDA:59,1,24,7
BRDA:59,1,25,1
BRDA:68,1,26,6
BRF:27
BRH:26
DA:1,9
DA:3,1
DA:8,9
DA:9,9
DA:10,9
DA:12,22
DA:13,22
DA:14,36
DA:15,36
DA:16,36
DA:17,36
DA:18,36
DA:19,36
DA:21,45
DA:22,22
DA:23,22
DA:24,22
DA:25,22
DA:26,23
DA:27,23
DA:28,23
DA:29,23
DA:30,23
DA:32,32
DA:33,0
DA:34,0
DA:35,0
DA:36,0
DA:37,0
DA:38,0
DA:39,0
DA:41,32
DA:42,22
DA:43,96
DA:44,24
DA:46,41
DA:47,22
DA:48,22
DA:49,22
DA:50,22
DA:51,35
DA:52,35
DA:53,35
DA:54,35
DA:55,35
DA:56,35
DA:58,52
DA:59,22
DA:60,22
DA:61,22
DA:62,22
DA:63,30
DA:64,30
DA:65,30
DA:66,30
DA:67,30
DA:68,30
DA:70,35
DA:71,140
DA:72,9
LH:53
LF:60
end_of_record
SF:/Users/tomas.zijdemans/Code/deno-sdk/src/mod.ts
FN:14,Client
FNDA:15,Client
FNF:1
FNH:1
BRF:0
BRH:0
DA:2,5
DA:3,5
DA:4,5
DA:5,5
DA:6,5
DA:7,5
DA:8,5
DA:10,1
DA:14,5
DA:15,5
DA:16,20
DA:17,20
DA:19,20
DA:20,20
DA:21,20
DA:22,20
DA:23,20
DA:24,20
DA:25,20
DA:26,20
DA:28,20
DA:29,5
LH:22
LF:22
end_of_record
SF:/Users/tomas.zijdemans/Code/deno-sdk/src/validate.ts
FN:9,validateRequestData
FNDA:21,validateRequestData
FNF:1
FNH:1
BRDA:15,1,0,10
BRDA:15,1,1,1
BRDA:15,1,2,20
BRDA:15,1,3,1
BRDA:23,1,4,9
BRDA:23,1,5,0
BRDA:23,1,6,0
BRF:7
BRH:5
DA:3,1
DA:9,8
DA:10,8
DA:11,8
DA:12,8
DA:14,29
DA:15,29
DA:16,29
DA:17,29
DA:18,29
DA:19,50
DA:20,50
DA:22,49
DA:23,0
DA:24,0
DA:25,0
DA:26,0
DA:27,0
DA:28,0
DA:29,8
LH:14
LF:20
end_of_record
